<?xml version="1.0" encoding="UTF-8"?>
<!-- Generated by org.testng.reporters.JUnitXMLReporter -->
<testsuite ignored="0" hostname="CA-LAP-356" failures="0" tests="4" name="Command line test" time="0.045" errors="0" timestamp="2023-09-16T18:42:00 EEST">
  <testcase classname="com.itfactory.model.CircleTest" name="testCalculatePerimeter" time="0.006"/>
  <testcase classname="com.itfactory.model.RectangleTest" name="testCalculatePerimeter" time="0.001"/>
  <testcase classname="com.itfactory.model.SquareTest" name="testCalculatePerimeter" time="0.001"/>
  <testcase classname="com.itfactory.model.TriangleTest" name="testCalculatePerimeter" time="0.0"/>
</testsuite> <!-- Command line test -->
