<?xml version="1.0" encoding="UTF-8"?>
<!-- Generated by org.testng.reporters.JUnitXMLReporter -->
<testsuite ignored="0" hostname="CA-LAP-356" failures="0" tests="4" name="Command line test" time="0.066" errors="0" timestamp="2023-10-03T06:39:25 EEST">
  <testcase classname="com.itfactory.model.CircleTest" name="testCalculatePerimeter" time="0.008"/>
  <testcase classname="com.itfactory.model.RectangleTest" name="testCalculatePerimeter" time="0.002"/>
  <testcase classname="com.itfactory.model.SquareTest" name="testCalculatePerimeter" time="0.002"/>
  <testcase classname="com.itfactory.model.TriangleTest" name="testCalculatePerimeter" time="0.001"/>
</testsuite> <!-- Command line test -->
